[{"line":2,"elements":[{"start_timestamp":"2023-01-12T00:12:55.750Z","before":[{"result":{"duration":11445191600,"status":"passed"},"match":{"location":"Utilities.Hooks.setUp()"}}],"line":3,"name":"User should be able to transfer between the cards","description":"","id":"card-funding-transfer;user-should-be-able-to-transfer-between-the-cards","type":"scenario","keyword":"Scenario","steps":[{"result":{"duration":3808183500,"status":"passed"},"line":4,"name":"User is on the homepage","match":{"location":"StepDefinitions.OpeningHomePage.user_is_on_the_homepage()"},"keyword":"Given "},{"result":{"error_message":"org.openqa.selenium.NoSuchElementException: no such element: Unable to locate element: {\"method\":\"xpath\",\"selector\":\"//*[contains(text(),'Checking')]\"}\n  (Session info: chrome=108.0.5359.126)\nFor documentation on this error, please visit: https://selenium.dev/exceptions/#no_such_element\nBuild info: version: '4.5.3', revision: '4b786a1e430'\nSystem info: os.name: 'Windows 11', os.arch: 'amd64', os.version: '10.0', java.version: '11.0.17'\nDriver info: org.openqa.selenium.chrome.ChromeDriver\nCommand: [5c7c0f9439892add243a0d165b10ed66, findElement {using=xpath, value=//*[contains(text(),'Checking')]}]\nCapabilities {acceptInsecureCerts: false, browserName: chrome, browserVersion: 108.0.5359.126, chrome: {chromedriverVersion: 108.0.5359.71 (1e0e3868ee06..., userDataDir: C:\\Users\\12153\\AppData\\Loca...}, goog:chromeOptions: {debuggerAddress: localhost:59626}, networkConnectionEnabled: false, pageLoadStrategy: normal, platformName: WINDOWS, proxy: Proxy(), se:cdp: ws://localhost:59626/devtoo..., se:cdpVersion: 108.0.5359.126, setWindowRect: true, strictFileInteractability: false, timeouts: {implicit: 0, pageLoad: 300000, script: 30000}, unhandledPromptBehavior: dismiss and notify, webauthn:extension:credBlob: true, webauthn:extension:largeBlob: true, webauthn:virtualAuthenticators: true}\nSession ID: 5c7c0f9439892add243a0d165b10ed66\r\n\tat java.base/jdk.internal.reflect.NativeConstructorAccessorImpl.newInstance0(Native Method)\r\n\tat java.base/jdk.internal.reflect.NativeConstructorAccessorImpl.newInstance(NativeConstructorAccessorImpl.java:62)\r\n\tat java.base/jdk.internal.reflect.DelegatingConstructorAccessorImpl.newInstance(DelegatingConstructorAccessorImpl.java:45)\r\n\tat java.base/java.lang.reflect.Constructor.newInstance(Constructor.java:490)\r\n\tat org.openqa.selenium.remote.codec.w3c.W3CHttpResponseCodec.createException(W3CHttpResponseCodec.java:200)\r\n\tat org.openqa.selenium.remote.codec.w3c.W3CHttpResponseCodec.decode(W3CHttpResponseCodec.java:133)\r\n\tat org.openqa.selenium.remote.codec.w3c.W3CHttpResponseCodec.decode(W3CHttpResponseCodec.java:53)\r\n\tat org.openqa.selenium.remote.HttpCommandExecutor.execute(HttpCommandExecutor.java:184)\r\n\tat org.openqa.selenium.remote.service.DriverCommandExecutor.invokeExecute(DriverCommandExecutor.java:167)\r\n\tat org.openqa.selenium.remote.service.DriverCommandExecutor.execute(DriverCommandExecutor.java:142)\r\n\tat org.openqa.selenium.remote.RemoteWebDriver.execute(RemoteWebDriver.java:541)\r\n\tat org.openqa.selenium.remote.ElementLocation$ElementFinder$2.findElement(ElementLocation.java:162)\r\n\tat org.openqa.selenium.remote.ElementLocation.findElement(ElementLocation.java:60)\r\n\tat org.openqa.selenium.remote.RemoteWebDriver.findElement(RemoteWebDriver.java:365)\r\n\tat org.openqa.selenium.remote.RemoteWebDriver.findElement(RemoteWebDriver.java:357)\r\n\tat org.openqa.selenium.support.pagefactory.DefaultElementLocator.findElement(DefaultElementLocator.java:70)\r\n\tat org.openqa.selenium.support.pagefactory.internal.LocatingElementHandler.invoke(LocatingElementHandler.java:39)\r\n\tat com.sun.proxy.$Proxy25.click(Unknown Source)\r\n\tat PageObjects.CardFundingTransfer.process(CardFundingTransfer.java:60)\r\n\tat StepDefinitions.CardFundingTransfer.user_tries_to_transfer_between_cards(CardFundingTransfer.java:22)\r\n\tat ✽.User tries to transfer between cards(file:///C:/Users/12153/OneDrive/Documents/GitHub/Sonics-BDD-EBank/src/test/java/features/CardFundingTransfer.feature:5)\r\n","duration":33951980900,"status":"failed"},"line":5,"name":"User tries to transfer between cards","match":{"location":"StepDefinitions.CardFundingTransfer.user_tries_to_transfer_between_cards()"},"keyword":"When "},{"result":{"status":"skipped"},"line":6,"name":"User should successfully transfer","match":{"location":"StepDefinitions.CardFundingTransfer.user_should_successfully_transfer()"},"keyword":"Then "}],"tags":[{"name":"@regression"}]}],"name":"Card Funding Transfer","description":"","id":"card-funding-transfer","keyword":"Feature","uri":"file:src/test/java/features/CardFundingTransfer.feature","tags":[{"name":"@regression","type":"Tag","location":{"line":1,"column":1}}]},{"line":2,"elements":[{"start_timestamp":"2023-01-12T00:13:45.025Z","before":[{"result":{"duration":6415952700,"status":"passed"},"match":{"location":"Utilities.Hooks.setUp()"}}],"line":3,"name":"Incoming Wire Transfer","description":"","id":"incoming-wire-transfer;incoming-wire-transfer","type":"scenario","keyword":"Scenario","steps":[{"result":{"duration":5084824800,"status":"passed"},"line":4,"name":"User is logs in","match":{"location":"StepDefinitions.IncomingWireTransfer.user_is_logs_in()"},"keyword":"Given "},{"result":{"duration":12567316200,"status":"passed"},"line":5,"name":"User makes an incoming wire transfer","match":{"location":"StepDefinitions.IncomingWireTransfer.user_makes_an_incoming_wire_transfer()"},"keyword":"When "},{"result":{"duration":30997900,"status":"passed"},"line":6,"name":"User gets the verify message","match":{"location":"StepDefinitions.IncomingWireTransfer.user_gets_the_verify_message()"},"keyword":"Then "}],"tags":[{"name":"@regression"}]}],"name":"Incoming Wire Transfer","description":"","id":"incoming-wire-transfer","keyword":"Feature","uri":"file:src/test/java/features/IncomingWireTransfer.feature","tags":[{"name":"@regression","type":"Tag","location":{"line":1,"column":1}}]},{"line":2,"elements":[{"start_timestamp":"2023-01-12T00:14:09.141Z","before":[{"result":{"duration":7184224500,"status":"passed"},"match":{"location":"Utilities.Hooks.setUp()"}}],"line":3,"name":"User has access to homepage","description":"","id":"opening-homepage;user-has-access-to-homepage","type":"scenario","keyword":"Scenario","steps":[{"result":{"duration":2763445500,"status":"passed"},"line":4,"name":"User is on the homepage","match":{"location":"StepDefinitions.OpeningHomePage.user_is_on_the_homepage()"},"keyword":"Given "},{"result":{"duration":2660483200,"status":"passed"},"line":5,"name":"User logs in","match":{"location":"StepDefinitions.OpeningHomePage.user_logs_in()"},"keyword":"When "},{"result":{"duration":2148847700,"status":"passed"},"line":6,"name":"Verify the Log out button","match":{"location":"StepDefinitions.OpeningHomePage.verify_the_log_out_button()"},"keyword":"Then "}],"tags":[{"name":"@regression"}]}],"name":"Opening Homepage","description":"","id":"opening-homepage","keyword":"Feature","uri":"file:src/test/java/features/OpeningHomePage.feature","tags":[{"name":"@regression","type":"Tag","location":{"line":1,"column":1}}]},{"line":2,"elements":[{"start_timestamp":"2023-01-12T00:14:23.925Z","before":[{"result":{"duration":7053523400,"status":"passed"},"match":{"location":"Utilities.Hooks.setUp()"}}],"line":3,"name":"User successfully transfers money","description":"","id":"outgoing-wire-transfer;user-successfully-transfers-money","type":"scenario","keyword":"Scenario","steps":[{"result":{"duration":3236498700,"status":"passed"},"line":4,"name":"User is on the homepage","match":{"location":"StepDefinitions.OpeningHomePage.user_is_on_the_homepage()"},"keyword":"Given "},{"result":{"error_message":"org.openqa.selenium.NoSuchElementException: no such element: Unable to locate element: {\"method\":\"xpath\",\"selector\":\"//*[@class='ng-option ng-option-marked']/..//*[@class='select-value']\"}\n  (Session info: chrome=108.0.5359.126)\nFor documentation on this error, please visit: https://selenium.dev/exceptions/#no_such_element\nBuild info: version: '4.5.3', revision: '4b786a1e430'\nSystem info: os.name: 'Windows 11', os.arch: 'amd64', os.version: '10.0', java.version: '11.0.17'\nDriver info: org.openqa.selenium.chrome.ChromeDriver\nCommand: [edb64327962a942f87e3c49365b7222e, findElement {using=xpath, value=//*[@class='ng-option ng-option-marked']/..//*[@class='select-value']}]\nCapabilities {acceptInsecureCerts: false, browserName: chrome, browserVersion: 108.0.5359.126, chrome: {chromedriverVersion: 108.0.5359.71 (1e0e3868ee06..., userDataDir: C:\\Users\\12153\\AppData\\Loca...}, goog:chromeOptions: {debuggerAddress: localhost:60008}, networkConnectionEnabled: false, pageLoadStrategy: normal, platformName: WINDOWS, proxy: Proxy(), se:cdp: ws://localhost:60008/devtoo..., se:cdpVersion: 108.0.5359.126, setWindowRect: true, strictFileInteractability: false, timeouts: {implicit: 0, pageLoad: 300000, script: 30000}, unhandledPromptBehavior: dismiss and notify, webauthn:extension:credBlob: true, webauthn:extension:largeBlob: true, webauthn:virtualAuthenticators: true}\nSession ID: edb64327962a942f87e3c49365b7222e\r\n\tat java.base/jdk.internal.reflect.NativeConstructorAccessorImpl.newInstance0(Native Method)\r\n\tat java.base/jdk.internal.reflect.NativeConstructorAccessorImpl.newInstance(NativeConstructorAccessorImpl.java:62)\r\n\tat java.base/jdk.internal.reflect.DelegatingConstructorAccessorImpl.newInstance(DelegatingConstructorAccessorImpl.java:45)\r\n\tat java.base/java.lang.reflect.Constructor.newInstance(Constructor.java:490)\r\n\tat org.openqa.selenium.remote.codec.w3c.W3CHttpResponseCodec.createException(W3CHttpResponseCodec.java:200)\r\n\tat org.openqa.selenium.remote.codec.w3c.W3CHttpResponseCodec.decode(W3CHttpResponseCodec.java:133)\r\n\tat org.openqa.selenium.remote.codec.w3c.W3CHttpResponseCodec.decode(W3CHttpResponseCodec.java:53)\r\n\tat org.openqa.selenium.remote.HttpCommandExecutor.execute(HttpCommandExecutor.java:184)\r\n\tat org.openqa.selenium.remote.service.DriverCommandExecutor.invokeExecute(DriverCommandExecutor.java:167)\r\n\tat org.openqa.selenium.remote.service.DriverCommandExecutor.execute(DriverCommandExecutor.java:142)\r\n\tat org.openqa.selenium.remote.RemoteWebDriver.execute(RemoteWebDriver.java:541)\r\n\tat org.openqa.selenium.remote.ElementLocation$ElementFinder$2.findElement(ElementLocation.java:162)\r\n\tat org.openqa.selenium.remote.ElementLocation.findElement(ElementLocation.java:60)\r\n\tat org.openqa.selenium.remote.RemoteWebDriver.findElement(RemoteWebDriver.java:365)\r\n\tat org.openqa.selenium.remote.RemoteWebDriver.findElement(RemoteWebDriver.java:357)\r\n\tat org.openqa.selenium.support.pagefactory.DefaultElementLocator.findElement(DefaultElementLocator.java:70)\r\n\tat org.openqa.selenium.support.pagefactory.internal.LocatingElementHandler.invoke(LocatingElementHandler.java:39)\r\n\tat com.sun.proxy.$Proxy25.click(Unknown Source)\r\n\tat PageObjects.OutgoingWireTransfer.outgoingWireTransfer(OutgoingWireTransfer.java:128)\r\n\tat StepDefinitions.OutgoingWireTransfer.user_transfers_money(OutgoingWireTransfer.java:19)\r\n\tat ✽.User transfers money(file:///C:/Users/12153/OneDrive/Documents/GitHub/Sonics-BDD-EBank/src/test/java/features/OutgoingWireTransfer.feature:5)\r\n","duration":34798705200,"status":"failed"},"line":5,"name":"User transfers money","match":{"location":"StepDefinitions.OutgoingWireTransfer.user_transfers_money()"},"keyword":"When "},{"result":{"duration":2983400,"status":"skipped"},"line":6,"name":"User successfully transfer money","match":{"location":"StepDefinitions.OutgoingWireTransfer.user_successfully_transfer_money()"},"keyword":"Then "}],"tags":[{"name":"@regression"}]}],"name":"Outgoing Wire Transfer","description":"","id":"outgoing-wire-transfer","keyword":"Feature","uri":"file:src/test/java/features/OutgoingWireTransfer.feature","tags":[{"name":"@regression","type":"Tag","location":{"line":1,"column":1}}]},{"line":2,"elements":[{"start_timestamp":"2023-01-12T00:15:09.036Z","before":[{"result":{"duration":6628582800,"status":"passed"},"match":{"location":"Utilities.Hooks.setUp()"}}],"line":3,"name":"User Successfully Transferred money","description":"","id":"transfer-between-accounts;user-successfully-transferred-money","type":"scenario","keyword":"Scenario","steps":[{"result":{"duration":3464250100,"status":"passed"},"line":4,"name":"User is on the homepages","match":{"location":"StepDefinitions.TransferBetweenAccounts.user_is_on_the_homepages()"},"keyword":"Given "},{"result":{"error_message":"org.openqa.selenium.NoSuchElementException: no such element: Unable to locate element: {\"method\":\"xpath\",\"selector\":\" //*[@class='ng-option ng-option-marked']/..//*[@class='select-value']\"}\n  (Session info: chrome=108.0.5359.126)\nFor documentation on this error, please visit: https://selenium.dev/exceptions/#no_such_element\nBuild info: version: '4.5.3', revision: '4b786a1e430'\nSystem info: os.name: 'Windows 11', os.arch: 'amd64', os.version: '10.0', java.version: '11.0.17'\nDriver info: org.openqa.selenium.chrome.ChromeDriver\nCommand: [c1c98f56889c11c6b3d7cef0877665fb, findElement {using=xpath, value= //*[@class='ng-option ng-option-marked']/..//*[@class='select-value']}]\nCapabilities {acceptInsecureCerts: false, browserName: chrome, browserVersion: 108.0.5359.126, chrome: {chromedriverVersion: 108.0.5359.71 (1e0e3868ee06..., userDataDir: C:\\Users\\12153\\AppData\\Loca...}, goog:chromeOptions: {debuggerAddress: localhost:60256}, networkConnectionEnabled: false, pageLoadStrategy: normal, platformName: WINDOWS, proxy: Proxy(), se:cdp: ws://localhost:60256/devtoo..., se:cdpVersion: 108.0.5359.126, setWindowRect: true, strictFileInteractability: false, timeouts: {implicit: 0, pageLoad: 300000, script: 30000}, unhandledPromptBehavior: dismiss and notify, webauthn:extension:credBlob: true, webauthn:extension:largeBlob: true, webauthn:virtualAuthenticators: true}\nSession ID: c1c98f56889c11c6b3d7cef0877665fb\r\n\tat java.base/jdk.internal.reflect.NativeConstructorAccessorImpl.newInstance0(Native Method)\r\n\tat java.base/jdk.internal.reflect.NativeConstructorAccessorImpl.newInstance(NativeConstructorAccessorImpl.java:62)\r\n\tat java.base/jdk.internal.reflect.DelegatingConstructorAccessorImpl.newInstance(DelegatingConstructorAccessorImpl.java:45)\r\n\tat java.base/java.lang.reflect.Constructor.newInstance(Constructor.java:490)\r\n\tat org.openqa.selenium.remote.codec.w3c.W3CHttpResponseCodec.createException(W3CHttpResponseCodec.java:200)\r\n\tat org.openqa.selenium.remote.codec.w3c.W3CHttpResponseCodec.decode(W3CHttpResponseCodec.java:133)\r\n\tat org.openqa.selenium.remote.codec.w3c.W3CHttpResponseCodec.decode(W3CHttpResponseCodec.java:53)\r\n\tat org.openqa.selenium.remote.HttpCommandExecutor.execute(HttpCommandExecutor.java:184)\r\n\tat org.openqa.selenium.remote.service.DriverCommandExecutor.invokeExecute(DriverCommandExecutor.java:167)\r\n\tat org.openqa.selenium.remote.service.DriverCommandExecutor.execute(DriverCommandExecutor.java:142)\r\n\tat org.openqa.selenium.remote.RemoteWebDriver.execute(RemoteWebDriver.java:541)\r\n\tat org.openqa.selenium.remote.ElementLocation$ElementFinder$2.findElement(ElementLocation.java:162)\r\n\tat org.openqa.selenium.remote.ElementLocation.findElement(ElementLocation.java:60)\r\n\tat org.openqa.selenium.remote.RemoteWebDriver.findElement(RemoteWebDriver.java:365)\r\n\tat org.openqa.selenium.remote.RemoteWebDriver.findElement(RemoteWebDriver.java:357)\r\n\tat org.openqa.selenium.support.pagefactory.DefaultElementLocator.findElement(DefaultElementLocator.java:70)\r\n\tat org.openqa.selenium.support.pagefactory.internal.LocatingElementHandler.invoke(LocatingElementHandler.java:39)\r\n\tat com.sun.proxy.$Proxy25.click(Unknown Source)\r\n\tat PageObjects.TransferBetweenAccounts.transferBetweenAccounts(TransferBetweenAccounts.java:58)\r\n\tat StepDefinitions.TransferBetweenAccounts.user_transferred_money(TransferBetweenAccounts.java:23)\r\n\tat ✽.User Transferred money(file:///C:/Users/12153/OneDrive/Documents/GitHub/Sonics-BDD-EBank/src/test/java/features/TransferBetweenAccounts.feature:5)\r\n","duration":32034312900,"status":"failed"},"line":5,"name":"User Transferred money","match":{"location":"StepDefinitions.TransferBetweenAccounts.user_transferred_money()"},"keyword":"When "},{"result":{"status":"skipped"},"line":6,"name":"User gets success message","match":{"location":"StepDefinitions.TransferBetweenAccounts.user_gets_success_message()"},"keyword":"Then "}],"tags":[{"name":"@regression"}]}],"name":"Transfer Between Accounts","description":"","id":"transfer-between-accounts","keyword":"Feature","uri":"file:src/test/java/features/TransferBetweenAccounts.feature","tags":[{"name":"@regression","type":"Tag","location":{"line":1,"column":1}}]},{"line":2,"elements":[{"start_timestamp":"2023-01-12T00:15:51.191Z","before":[{"result":{"duration":6393181100,"status":"passed"},"match":{"location":"Utilities.Hooks.setUp()"}}],"line":3,"name":"User able to transfer money between users","description":"","id":"transfer-money-between-users;user-able-to-transfer-money-between-users","type":"scenario","keyword":"Scenario","steps":[{"result":{"duration":6068092300,"status":"passed"},"line":4,"name":"User is on homepage","match":{"location":"StepDefinitions.TransferBetweenUser.user_is_on_homepage()"},"keyword":"Given "},{"result":{"duration":33431065500,"status":"passed"},"line":5,"name":"User transfers money between users","match":{"location":"StepDefinitions.TransferBetweenUser.user_transfers_money_between_users()"},"keyword":"When "},{"result":{"duration":869585700,"status":"passed"},"line":6,"name":"User successfully transferred money","match":{"location":"StepDefinitions.TransferBetweenUser.user_successfully_transferred_money()"},"keyword":"Then "}],"tags":[{"name":"@regression"}]}],"name":"Transfer money between users","description":"","id":"transfer-money-between-users","keyword":"Feature","uri":"file:src/test/java/features/TransferBetweenUser.feature","tags":[{"name":"@regression","type":"Tag","location":{"line":1,"column":1}}]}] [39735028647a62b22b27752a54370eab, findElement {using=xpath, value= //*[@class='ng-option ng-option-marked']/..//*[@class='select-value']}]\nCapabilities {acceptInsecureCerts: false, browserName: chrome, browserVersion: 108.0.5359.126, chrome: {chromedriverVersion: 108.0.5359.71 (1e0e3868ee06..., userDataDir: C:\\Users\\12153\\AppData\\Loca...}, goog:chromeOptions: {debuggerAddress: localhost:60322}, networkConnectionEnabled: false, pageLoadStrategy: normal, platformName: WINDOWS, proxy: Proxy(), se:cdp: ws://localhost:60322/devtoo..., se:cdpVersion: 108.0.5359.126, setWindowRect: true, strictFileInteractability: false, timeouts: {implicit: 0, pageLoad: 300000, script: 30000}, unhandledPromptBehavior: dismiss and notify, webauthn:extension:credBlob: true, webauthn:extension:largeBlob: true, webauthn:virtualAuthenticators: true}\nSession ID: 39735028647a62b22b27752a54370eab\r\n\tat java.base/jdk.internal.reflect.NativeConstructorAccessorImpl.newInstance0(Native Method)\r\n\tat java.base/jdk.internal.reflect.NativeConstructorAccessorImpl.newInstance(NativeConstructorAccessorImpl.java:62)\r\n\tat java.base/jdk.internal.reflect.DelegatingConstructorAccessorImpl.newInstance(DelegatingConstructorAccessorImpl.java:45)\r\n\tat java.base/java.lang.reflect.Constructor.newInstance(Constructor.java:490)\r\n\tat org.openqa.selenium.remote.codec.w3c.W3CHttpResponseCodec.createException(W3CHttpResponseCodec.java:200)\r\n\tat org.openqa.selenium.remote.codec.w3c.W3CHttpResponseCodec.decode(W3CHttpResponseCodec.java:133)\r\n\tat org.openqa.selenium.remote.codec.w3c.W3CHttpResponseCodec.decode(W3CHttpResponseCodec.java:53)\r\n\tat org.openqa.selenium.remote.HttpCommandExecutor.execute(HttpCommandExecutor.java:184)\r\n\tat org.openqa.selenium.remote.service.DriverCommandExecutor.invokeExecute(DriverCommandExecutor.java:167)\r\n\tat org.openqa.selenium.remote.service.DriverCommandExecutor.execute(DriverCommandExecutor.java:142)\r\n\tat org.openqa.selenium.remote.RemoteWebDriver.execute(RemoteWebDriver.java:541)\r\n\tat org.openqa.selenium.remote.ElementLocation$ElementFinder$2.findElement(ElementLocation.java:162)\r\n\tat org.openqa.selenium.remote.ElementLocation.findElement(ElementLocation.java:60)\r\n\tat org.openqa.selenium.remote.RemoteWebDriver.findElement(RemoteWebDriver.java:365)\r\n\tat org.openqa.selenium.remote.RemoteWebDriver.findElement(RemoteWebDriver.java:357)\r\n\tat org.openqa.selenium.support.pagefactory.DefaultElementLocator.findElement(DefaultElementLocator.java:70)\r\n\tat org.openqa.selenium.support.pagefactory.internal.LocatingElementHandler.invoke(LocatingElementHandler.java:39)\r\n\tat com.sun.proxy.$Proxy25.click(Unknown Source)\r\n\tat PageObjects.TransferBetweenUser.TransferBetweenUser(TransferBetweenUser.java:54)\r\n\tat StepDefinitions.TransferBetweenUser.user_transfers_money_between_users(TransferBetweenUser.java:23)\r\n\tat ✽.User transfers money between users(file:///C:/Users/12153/OneDrive/Documents/GitHub/Sonics-BDD-EBank/src/test/java/features/TransferBetweenUser.feature:5)\r\n","duration":30867726700,"status":"failed"},"line":5,"name":"User transfers money between users","match":{"location":"StepDefinitions.TransferBetweenUser.user_transfers_money_between_users()"},"keyword":"When "},{"result":{"duration":663300,"status":"skipped"},"line":6,"name":"User successfully transferred money","match":{"location":"StepDefinitions.TransferBetweenUser.user_successfully_transferred_money()"},"keyword":"Then "}],"tags":[{"name":"@regression"}]}],"name":"Transfer money between users","description":"","id":"transfer-money-between-users","keyword":"Feature","uri":"file:src/test/java/features/TransferBetweenUser.feature","tags":[{"name":"@regression","type":"Tag","location":{"line":1,"column":1}}]}]